{"/home/mawoka/PycharmProjects/PersonalBlogEngine/client_library/src/index.ts": {"path":"/home/mawoka/PycharmProjects/PersonalBlogEngine/client_library/src/index.ts","statementMap":{"0":{"start":{"line":1,"column":0},"end":{"line":1,"column":26}},"1":{"start":{"line":25,"column":23},"end":{"line":27,"column":1}},"2":{"start":{"line":26,"column":4},"end":{"line":26,"column":57}},"3":{"start":{"line":25,"column":13},"end":{"line":25,"column":23}},"4":{"start":{"line":29,"column":0},"end":{"line":29,"column":13}},"5":{"start":{"line":33,"column":8},"end":{"line":33,"column":31}},"6":{"start":{"line":36,"column":10},"end":{"line":73,"column":null}},"7":{"start":{"line":36,"column":33},"end":{"line":36,"column":null}},"8":{"start":{"line":38,"column":24},"end":{"line":47,"column":null}},"9":{"start":{"line":38,"column":18},"end":{"line":47,"column":null}},"10":{"start":{"line":48,"column":18},"end":{"line":48,"column":39}},"11":{"start":{"line":49,"column":12},"end":{"line":62,"column":14}},"12":{"start":{"line":64,"column":12},"end":{"line":71,"column":null}},"13":{"start":{"line":65,"column":16},"end":{"line":68,"column":18}},"14":{"start":{"line":70,"column":16},"end":{"line":70,"column":28}},"15":{"start":{"line":75,"column":10},"end":{"line":93,"column":null}},"16":{"start":{"line":75,"column":20},"end":{"line":75,"column":null}},"17":{"start":{"line":77,"column":24},"end":{"line":81,"column":null}},"18":{"start":{"line":77,"column":18},"end":{"line":81,"column":null}},"19":{"start":{"line":82,"column":12},"end":{"line":82,"column":28}},"20":{"start":{"line":84,"column":12},"end":{"line":91,"column":null}},"21":{"start":{"line":85,"column":16},"end":{"line":88,"column":18}},"22":{"start":{"line":90,"column":16},"end":{"line":90,"column":28}},"23":{"start":{"line":95,"column":10},"end":{"line":119,"column":null}},"24":{"start":{"line":97,"column":8},"end":{"line":97,"column":null}},"25":{"start":{"line":100,"column":24},"end":{"line":107,"column":null}},"26":{"start":{"line":100,"column":18},"end":{"line":107,"column":null}},"27":{"start":{"line":108,"column":12},"end":{"line":108,"column":28}},"28":{"start":{"line":110,"column":12},"end":{"line":117,"column":null}},"29":{"start":{"line":111,"column":16},"end":{"line":114,"column":18}},"30":{"start":{"line":116,"column":16},"end":{"line":116,"column":28}},"31":{"start":{"line":121,"column":10},"end":{"line":144,"column":null}},"32":{"start":{"line":125,"column":24},"end":{"line":132,"column":null}},"33":{"start":{"line":125,"column":18},"end":{"line":132,"column":null}},"34":{"start":{"line":133,"column":12},"end":{"line":133,"column":28}},"35":{"start":{"line":135,"column":12},"end":{"line":142,"column":null}},"36":{"start":{"line":136,"column":16},"end":{"line":139,"column":18}},"37":{"start":{"line":141,"column":16},"end":{"line":141,"column":28}},"38":{"start":{"line":146,"column":10},"end":{"line":168,"column":null}},"39":{"start":{"line":152,"column":12},"end":{"line":156,"column":null}},"40":{"start":{"line":157,"column":12},"end":{"line":157,"column":null}},"41":{"start":{"line":159,"column":12},"end":{"line":166,"column":null}},"42":{"start":{"line":160,"column":16},"end":{"line":163,"column":18}},"43":{"start":{"line":165,"column":16},"end":{"line":165,"column":28}},"44":{"start":{"line":169,"column":0},"end":{"line":169,"column":null}},"45":{"start":{"line":29,"column":13},"end":{"line":29,"column":16}}},"fnMap":{"0":{"name":"(anonymous_14)","decl":{"start":{"line":25,"column":23},"end":{"line":25,"column":24}},"loc":{"start":{"line":25,"column":42},"end":{"line":27,"column":1}}},"1":{"name":"(anonymous_15)","decl":{"start":{"line":29,"column":0},"end":{"line":29,"column":13}},"loc":{"start":{"line":29,"column":0},"end":{"line":169,"column":null}}},"2":{"name":"PBE","decl":{"start":{"line":32,"column":4},"end":{"line":32,"column":16}},"loc":{"start":{"line":32,"column":31},"end":{"line":34,"column":5}}},"3":{"name":"(anonymous_17)","decl":{"start":{"line":36,"column":4},"end":{"line":36,"column":10}},"loc":{"start":{"line":36,"column":44},"end":{"line":73,"column":null}}},"4":{"name":"(anonymous_20)","decl":{"start":{"line":75,"column":4},"end":{"line":75,"column":10}},"loc":{"start":{"line":75,"column":30},"end":{"line":93,"column":null}}},"5":{"name":"(anonymous_23)","decl":{"start":{"line":95,"column":4},"end":{"line":95,"column":10}},"loc":{"start":{"line":97,"column":18},"end":{"line":119,"column":null}}},"6":{"name":"(anonymous_26)","decl":{"start":{"line":121,"column":4},"end":{"line":121,"column":10}},"loc":{"start":{"line":122,"column":21},"end":{"line":144,"column":null}}},"7":{"name":"(anonymous_29)","decl":{"start":{"line":146,"column":4},"end":{"line":146,"column":10}},"loc":{"start":{"line":149,"column":25},"end":{"line":168,"column":null}}}},"branchMap":{"0":{"loc":{"start":{"line":36,"column":33},"end":{"line":36,"column":null}},"type":"if","locations":[{"start":{"line":36,"column":33},"end":{"line":36,"column":null}}]},"1":{"loc":{"start":{"line":39,"column":16},"end":{"line":41,"column":62}},"type":"cond-expr","locations":[{"start":{"line":40,"column":22},"end":{"line":40,"column":57}},{"start":{"line":41,"column":22},"end":{"line":41,"column":62}}]},"2":{"loc":{"start":{"line":64,"column":12},"end":{"line":71,"column":null}},"type":"if","locations":[{"start":{"line":64,"column":12},"end":{"line":71,"column":null}},{"start":{"line":69,"column":19},"end":{"line":71,"column":null}}]},"3":{"loc":{"start":{"line":75,"column":20},"end":{"line":75,"column":null}},"type":"if","locations":[{"start":{"line":75,"column":20},"end":{"line":75,"column":null}}]},"4":{"loc":{"start":{"line":84,"column":12},"end":{"line":91,"column":null}},"type":"if","locations":[{"start":{"line":84,"column":12},"end":{"line":91,"column":null}},{"start":{"line":89,"column":19},"end":{"line":91,"column":null}}]},"5":{"loc":{"start":{"line":97,"column":8},"end":{"line":97,"column":null}},"type":"if","locations":[{"start":{"line":97,"column":8},"end":{"line":97,"column":null}}]},"6":{"loc":{"start":{"line":110,"column":12},"end":{"line":117,"column":null}},"type":"if","locations":[{"start":{"line":110,"column":12},"end":{"line":117,"column":null}},{"start":{"line":115,"column":19},"end":{"line":117,"column":null}}]},"7":{"loc":{"start":{"line":135,"column":12},"end":{"line":142,"column":null}},"type":"if","locations":[{"start":{"line":135,"column":12},"end":{"line":142,"column":null}},{"start":{"line":140,"column":19},"end":{"line":142,"column":null}}]},"8":{"loc":{"start":{"line":159,"column":12},"end":{"line":166,"column":null}},"type":"if","locations":[{"start":{"line":159,"column":12},"end":{"line":166,"column":null}},{"start":{"line":164,"column":19},"end":{"line":166,"column":null}}]}},"s":{"0":1,"1":1,"2":8,"3":1,"4":1,"5":1,"6":1,"7":5,"8":3,"9":3,"10":2,"11":2,"12":1,"13":1,"14":0,"15":1,"16":1,"17":1,"18":1,"19":1,"20":0,"21":0,"22":0,"23":1,"24":2,"25":1,"26":1,"27":1,"28":0,"29":0,"30":0,"31":1,"32":1,"33":1,"34":1,"35":0,"36":0,"37":0,"38":1,"39":6,"40":1,"41":2,"42":2,"43":0,"44":1,"45":1},"f":{"0":8,"1":1,"2":1,"3":3,"4":1,"5":1,"6":1,"7":3},"b":{"0":[2],"1":[0,3],"2":[1,0],"3":[0],"4":[0,0],"5":[1],"6":[0,0],"7":[0,0],"8":[2,0]}}
}
