TN:
SF:src/index.ts
FN:25,(anonymous_14)
FN:29,(anonymous_15)
FN:32,PBE
FN:36,(anonymous_17)
FN:75,(anonymous_20)
FN:95,(anonymous_23)
FN:121,(anonymous_26)
FN:146,(anonymous_29)
FNF:8
FNH:8
FNDA:8,(anonymous_14)
FNDA:1,(anonymous_15)
FNDA:1,PBE
FNDA:3,(anonymous_17)
FNDA:1,(anonymous_20)
FNDA:1,(anonymous_23)
FNDA:1,(anonymous_26)
FNDA:3,(anonymous_29)
DA:1,1
DA:25,1
DA:26,8
DA:29,1
DA:33,1
DA:36,5
DA:38,3
DA:48,2
DA:49,2
DA:64,1
DA:65,1
DA:70,0
DA:75,1
DA:77,1
DA:82,1
DA:84,0
DA:85,0
DA:90,0
DA:95,1
DA:97,2
DA:100,1
DA:108,1
DA:110,0
DA:111,0
DA:116,0
DA:121,1
DA:125,1
DA:133,1
DA:135,0
DA:136,0
DA:141,0
DA:146,1
DA:152,6
DA:157,1
DA:159,2
DA:160,2
DA:165,0
DA:169,1
LF:38
LH:27
BRDA:36,0,0,2
BRDA:39,1,0,0
BRDA:39,1,1,3
BRDA:64,2,0,1
BRDA:64,2,1,0
BRDA:75,3,0,0
BRDA:84,4,0,0
BRDA:84,4,1,0
BRDA:97,5,0,1
BRDA:110,6,0,0
BRDA:110,6,1,0
BRDA:135,7,0,0
BRDA:135,7,1,0
BRDA:159,8,0,2
BRDA:159,8,1,0
BRF:15
BRH:5
end_of_record
